20-Mar-2025 09:40:13.964 INFO [main] org.apache.catalina.startup.VersionLoggerListener.log Server version name:   Apache Tomcat/11.0.5
20-Mar-2025 09:40:13.969 INFO [main] org.apache.catalina.startup.VersionLoggerListener.log Server built:          Feb 28 2025 15:54:41 UTC
20-Mar-2025 09:40:13.969 INFO [main] org.apache.catalina.startup.VersionLoggerListener.log Server version number: 11.0.5.0
20-Mar-2025 09:40:13.970 INFO [main] org.apache.catalina.startup.VersionLoggerListener.log OS Name:               Windows 11
20-Mar-2025 09:40:13.970 INFO [main] org.apache.catalina.startup.VersionLoggerListener.log OS Version:            10.0
20-Mar-2025 09:40:13.970 INFO [main] org.apache.catalina.startup.VersionLoggerListener.log Architecture:          amd64
20-Mar-2025 09:40:13.970 INFO [main] org.apache.catalina.startup.VersionLoggerListener.log Java Home:             C:\Program Files\Java\jdk-22
20-Mar-2025 09:40:13.970 INFO [main] org.apache.catalina.startup.VersionLoggerListener.log JVM Version:           22.0.2+9-70
20-Mar-2025 09:40:13.970 INFO [main] org.apache.catalina.startup.VersionLoggerListener.log JVM Vendor:            Oracle Corporation
20-Mar-2025 09:40:13.970 INFO [main] org.apache.catalina.startup.VersionLoggerListener.log CATALINA_BASE:         C:\Users\hasir\OneDrive\Documents\GitHub\oop-project\oop-project
20-Mar-2025 09:40:13.971 INFO [main] org.apache.catalina.startup.VersionLoggerListener.log CATALINA_HOME:         C:\apache-tomcat-11.0.5-windows-x64\apache-tomcat-11.0.5
20-Mar-2025 09:40:13.983 INFO [main] org.apache.catalina.startup.VersionLoggerListener.log Command line argument: --add-opens=java.base/java.lang=ALL-UNNAMED
20-Mar-2025 09:40:13.983 INFO [main] org.apache.catalina.startup.VersionLoggerListener.log Command line argument: --add-opens=java.base/java.io=ALL-UNNAMED
20-Mar-2025 09:40:13.983 INFO [main] org.apache.catalina.startup.VersionLoggerListener.log Command line argument: --add-opens=java.base/java.util=ALL-UNNAMED
20-Mar-2025 09:40:13.984 INFO [main] org.apache.catalina.startup.VersionLoggerListener.log Command line argument: --add-opens=java.base/java.util.concurrent=ALL-UNNAMED
20-Mar-2025 09:40:13.984 INFO [main] org.apache.catalina.startup.VersionLoggerListener.log Command line argument: --add-opens=java.rmi/sun.rmi.transport=ALL-UNNAMED
20-Mar-2025 09:40:13.985 INFO [main] org.apache.catalina.startup.VersionLoggerListener.log Command line argument: -Dcatalina.home=C:\apache-tomcat-11.0.5-windows-x64\apache-tomcat-11.0.5
20-Mar-2025 09:40:13.985 INFO [main] org.apache.catalina.startup.VersionLoggerListener.log Command line argument: -Dcatalina.base=C:\Users\hasir\OneDrive\Documents\GitHub\oop-project\oop-project
20-Mar-2025 09:40:13.985 INFO [main] org.apache.catalina.startup.VersionLoggerListener.log Command line argument: -Djava.io.tmpdir=C:\Users\hasir\OneDrive\Documents\GitHub\oop-project\oop-project\temp
20-Mar-2025 09:40:13.985 INFO [main] org.apache.catalina.startup.VersionLoggerListener.log Command line argument: -Djava.util.logging.config.file=C:\Users\hasir\OneDrive\Documents\GitHub\oop-project\oop-project\conf\logging.properties
20-Mar-2025 09:40:13.985 INFO [main] org.apache.catalina.startup.VersionLoggerListener.log Command line argument: -Djava.util.logging.manager=org.apache.juli.ClassLoaderLogManager
20-Mar-2025 09:40:13.985 INFO [main] org.apache.catalina.startup.VersionLoggerListener.log Command line argument: -javaagent:C:\Program Files\JetBrains\IntelliJ IDEA 2024.1\lib\idea_rt.jar=54936:C:\Program Files\JetBrains\IntelliJ IDEA 2024.1\bin
20-Mar-2025 09:40:13.990 INFO [main] org.apache.catalina.startup.VersionLoggerListener.log Command line argument: -Dfile.encoding=UTF-8
20-Mar-2025 09:40:13.990 INFO [main] org.apache.catalina.startup.VersionLoggerListener.log Command line argument: -Dsun.stdout.encoding=UTF-8
20-Mar-2025 09:40:13.990 INFO [main] org.apache.catalina.startup.VersionLoggerListener.log Command line argument: -Dsun.stderr.encoding=UTF-8
20-Mar-2025 09:40:13.995 INFO [main] org.apache.catalina.core.AprLifecycleListener.lifecycleEvent Loaded Apache Tomcat Native library [2.0.8] using APR version [1.7.4].
20-Mar-2025 09:40:14.001 INFO [main] org.apache.catalina.core.AprLifecycleListener.initializeSSL OpenSSL successfully initialized [OpenSSL 3.0.14 4 Jun 2024]
20-Mar-2025 09:40:14.379 INFO [main] org.apache.coyote.AbstractProtocol.init Initializing ProtocolHandler ["http-nio-8080"]
20-Mar-2025 09:40:14.398 INFO [main] org.apache.catalina.startup.Catalina.load Server initialization in [634] milliseconds
20-Mar-2025 09:40:14.448 INFO [main] org.apache.catalina.core.StandardService.startInternal Starting service [Catalina]
20-Mar-2025 09:40:14.448 INFO [main] org.apache.catalina.core.StandardEngine.startInternal Starting Servlet engine: [Apache Tomcat/11.0.5]
20-Mar-2025 09:40:14.461 INFO [main] org.apache.catalina.startup.HostConfig.deployDescriptor Deploying deployment descriptor [C:\Users\hasir\OneDrive\Documents\GitHub\oop-project\oop-project\conf\Catalina\localhost\oop-project.xml]
20-Mar-2025 09:40:14.850 INFO [main] org.apache.catalina.startup.HostConfig.deployDescriptor Deployment of deployment descriptor [C:\Users\hasir\OneDrive\Documents\GitHub\oop-project\oop-project\conf\Catalina\localhost\oop-project.xml] has finished in [388] ms
20-Mar-2025 09:40:14.854 INFO [main] org.apache.coyote.AbstractProtocol.start Starting ProtocolHandler ["http-nio-8080"]
20-Mar-2025 09:40:14.885 INFO [main] org.apache.catalina.startup.Catalina.start Server startup in [485] milliseconds
20-Mar-2025 09:41:02.199 INFO [Thread-1] org.apache.coyote.AbstractProtocol.pause Pausing ProtocolHandler ["http-nio-8080"]
20-Mar-2025 09:41:02.214 INFO [Thread-1] org.apache.catalina.core.StandardService.stopInternal Stopping service [Catalina]
20-Mar-2025 09:41:02.222 INFO [Thread-1] org.apache.coyote.AbstractProtocol.stop Stopping ProtocolHandler ["http-nio-8080"]
20-Mar-2025 09:41:02.225 INFO [Thread-1] org.apache.coyote.AbstractProtocol.destroy Destroying ProtocolHandler ["http-nio-8080"]
20-Mar-2025 09:41:04.416 INFO [main] org.apache.catalina.startup.VersionLoggerListener.log Server version name:   Apache Tomcat/11.0.5
20-Mar-2025 09:41:04.427 INFO [main] org.apache.catalina.startup.VersionLoggerListener.log Server built:          Feb 28 2025 15:54:41 UTC
20-Mar-2025 09:41:04.428 INFO [main] org.apache.catalina.startup.VersionLoggerListener.log Server version number: 11.0.5.0
20-Mar-2025 09:41:04.428 INFO [main] org.apache.catalina.startup.VersionLoggerListener.log OS Name:               Windows 11
20-Mar-2025 09:41:04.428 INFO [main] org.apache.catalina.startup.VersionLoggerListener.log OS Version:            10.0
20-Mar-2025 09:41:04.429 INFO [main] org.apache.catalina.startup.VersionLoggerListener.log Architecture:          amd64
20-Mar-2025 09:41:04.430 INFO [main] org.apache.catalina.startup.VersionLoggerListener.log Java Home:             C:\Program Files\Java\jdk-22
20-Mar-2025 09:41:04.430 INFO [main] org.apache.catalina.startup.VersionLoggerListener.log JVM Version:           22.0.2+9-70
20-Mar-2025 09:41:04.430 INFO [main] org.apache.catalina.startup.VersionLoggerListener.log JVM Vendor:            Oracle Corporation
20-Mar-2025 09:41:04.430 INFO [main] org.apache.catalina.startup.VersionLoggerListener.log CATALINA_BASE:         C:\Users\hasir\OneDrive\Documents\GitHub\oop-project\oop-project
20-Mar-2025 09:41:04.430 INFO [main] org.apache.catalina.startup.VersionLoggerListener.log CATALINA_HOME:         C:\apache-tomcat-11.0.5-windows-x64\apache-tomcat-11.0.5
20-Mar-2025 09:41:04.449 INFO [main] org.apache.catalina.startup.VersionLoggerListener.log Command line argument: --add-opens=java.base/java.lang=ALL-UNNAMED
20-Mar-2025 09:41:04.450 INFO [main] org.apache.catalina.startup.VersionLoggerListener.log Command line argument: --add-opens=java.base/java.io=ALL-UNNAMED
20-Mar-2025 09:41:04.450 INFO [main] org.apache.catalina.startup.VersionLoggerListener.log Command line argument: --add-opens=java.base/java.util=ALL-UNNAMED
20-Mar-2025 09:41:04.450 INFO [main] org.apache.catalina.startup.VersionLoggerListener.log Command line argument: --add-opens=java.base/java.util.concurrent=ALL-UNNAMED
20-Mar-2025 09:41:04.451 INFO [main] org.apache.catalina.startup.VersionLoggerListener.log Command line argument: --add-opens=java.rmi/sun.rmi.transport=ALL-UNNAMED
20-Mar-2025 09:41:04.451 INFO [main] org.apache.catalina.startup.VersionLoggerListener.log Command line argument: -Dcatalina.home=C:\apache-tomcat-11.0.5-windows-x64\apache-tomcat-11.0.5
20-Mar-2025 09:41:04.451 INFO [main] org.apache.catalina.startup.VersionLoggerListener.log Command line argument: -Dcatalina.base=C:\Users\hasir\OneDrive\Documents\GitHub\oop-project\oop-project
20-Mar-2025 09:41:04.452 INFO [main] org.apache.catalina.startup.VersionLoggerListener.log Command line argument: -Djava.io.tmpdir=C:\Users\hasir\OneDrive\Documents\GitHub\oop-project\oop-project\temp
20-Mar-2025 09:41:04.453 INFO [main] org.apache.catalina.startup.VersionLoggerListener.log Command line argument: -Djava.util.logging.config.file=C:\Users\hasir\OneDrive\Documents\GitHub\oop-project\oop-project\conf\logging.properties
20-Mar-2025 09:41:04.453 INFO [main] org.apache.catalina.startup.VersionLoggerListener.log Command line argument: -Djava.util.logging.manager=org.apache.juli.ClassLoaderLogManager
20-Mar-2025 09:41:04.453 INFO [main] org.apache.catalina.startup.VersionLoggerListener.log Command line argument: -javaagent:C:\Program Files\JetBrains\IntelliJ IDEA 2024.1\lib\idea_rt.jar=54991:C:\Program Files\JetBrains\IntelliJ IDEA 2024.1\bin
20-Mar-2025 09:41:04.453 INFO [main] org.apache.catalina.startup.VersionLoggerListener.log Command line argument: -Dfile.encoding=UTF-8
20-Mar-2025 09:41:04.453 INFO [main] org.apache.catalina.startup.VersionLoggerListener.log Command line argument: -Dsun.stdout.encoding=UTF-8
20-Mar-2025 09:41:04.453 INFO [main] org.apache.catalina.startup.VersionLoggerListener.log Command line argument: -Dsun.stderr.encoding=UTF-8
20-Mar-2025 09:41:04.456 INFO [main] org.apache.catalina.core.AprLifecycleListener.lifecycleEvent Loaded Apache Tomcat Native library [2.0.8] using APR version [1.7.4].
20-Mar-2025 09:41:04.463 INFO [main] org.apache.catalina.core.AprLifecycleListener.initializeSSL OpenSSL successfully initialized [OpenSSL 3.0.14 4 Jun 2024]
20-Mar-2025 09:41:04.854 INFO [main] org.apache.coyote.AbstractProtocol.init Initializing ProtocolHandler ["http-nio-8080"]
20-Mar-2025 09:41:04.873 INFO [main] org.apache.catalina.startup.Catalina.load Server initialization in [724] milliseconds
20-Mar-2025 09:41:04.920 INFO [main] org.apache.catalina.core.StandardService.startInternal Starting service [Catalina]
20-Mar-2025 09:41:04.920 INFO [main] org.apache.catalina.core.StandardEngine.startInternal Starting Servlet engine: [Apache Tomcat/11.0.5]
20-Mar-2025 09:41:04.932 INFO [main] org.apache.catalina.startup.HostConfig.deployDescriptor Deploying deployment descriptor [C:\Users\hasir\OneDrive\Documents\GitHub\oop-project\oop-project\conf\Catalina\localhost\oop-project.xml]
20-Mar-2025 09:41:05.288 INFO [main] org.apache.catalina.startup.HostConfig.deployDescriptor Deployment of deployment descriptor [C:\Users\hasir\OneDrive\Documents\GitHub\oop-project\oop-project\conf\Catalina\localhost\oop-project.xml] has finished in [355] ms
20-Mar-2025 09:41:05.292 INFO [main] org.apache.coyote.AbstractProtocol.start Starting ProtocolHandler ["http-nio-8080"]
20-Mar-2025 09:41:05.321 INFO [main] org.apache.catalina.startup.Catalina.start Server startup in [447] milliseconds
20-Mar-2025 09:42:37.191 INFO [Thread-1] org.apache.coyote.AbstractProtocol.pause Pausing ProtocolHandler ["http-nio-8080"]
20-Mar-2025 09:42:37.208 INFO [Thread-1] org.apache.catalina.core.StandardService.stopInternal Stopping service [Catalina]
20-Mar-2025 09:42:37.218 INFO [Thread-1] org.apache.coyote.AbstractProtocol.stop Stopping ProtocolHandler ["http-nio-8080"]
20-Mar-2025 09:42:37.221 INFO [Thread-1] org.apache.coyote.AbstractProtocol.destroy Destroying ProtocolHandler ["http-nio-8080"]
